23 мар. 2024 г., 17:19:25: Number entered: Complex@579bb367
23 мар. 2024 г., 17:19:33: User selected operation1
23 мар. 2024 г., 17:19:33: Addition operation performed. Current result: Complex@1b701da1
23 мар. 2024 г., 17:38:40: Number entered: Complex@579bb367
23 мар. 2024 г., 17:38:43: User selected operation1
23 мар. 2024 г., 17:38:43: Addition operation performed. Current result: Complex@726f3b58
23 мар. 2024 г., 18:04:12: Number entered: Complex@579bb367
23 мар. 2024 г., 18:04:15: User selected operation1
23 мар. 2024 г., 18:04:15: Addition operation performed. Current result: Complex@726f3b58
23 мар. 2024 г., 18:05:09: Number entered: Complex@579bb367
23 мар. 2024 г., 18:05:12: User selected operation1
23 мар. 2024 г., 18:24:40: Number entered: Complex@579bb367
23 мар. 2024 г., 18:24:43: User selected operation1
23 мар. 2024 г., 18:24:43: Addition operation performed. Current result: Complex@726f3b58
25 мар. 2024 г., 19:17:09: Number entered: Complex@579bb367
25 мар. 2024 г., 19:17:13: Invalid number format entered:  1
25 мар. 2024 г., 19:17:13: User selected operation-1
25 мар. 2024 г., 19:17:13: Invalid operation attempted: -1
25 мар. 2024 г., 19:17:31: Number entered: Complex@442d9b6e
25 мар. 2024 г., 19:17:33: User selected operation1
25 мар. 2024 г., 19:17:33: Addition operation performed. Current result: Complex@ee7d9f1
26 мар. 2024 г., 16:36:05: Number entered: Complex@579bb367
26 мар. 2024 г., 16:36:08: User selected operation3
26 мар. 2024 г., 16:36:08: Multiplication operation performed. Current result: Complex@726f3b58
